Library/Bee/Android/Prj/Mono2x/Gradle/unityLibrary/build/intermediates/manifest_merge_blame_file/release/manifest-merger-blame-release-report.txt
1<?xml version="1.0" encoding="utf-8"?>
2<manifest xmlns:android="http://schemas.android.com/apk/res/android"
3    xmlns:tools="http://schemas.android.com/tools"
4    package="com.unity3d.player"
5    android:installLocation="auto"
6    android:versionCode="1"
7    android:versionName="1.0" >
8
9    <uses-sdk
10        android:minSdkVersion="25"
10-->src\main\AndroidManifest.xml
11        android:targetSdkVersion="30" />
11-->src\main\AndroidManifest.xml
12
13    <uses-feature android:glEsVersion="0x00030000" />
13-->src\main\AndroidManifest.xml:26:3-52
13-->src\main\AndroidManifest.xml:26:17-49
14    <uses-feature
14-->src\main\AndroidManifest.xml:27:3-91
15        android:name="android.hardware.vulkan.version"
15-->src\main\AndroidManifest.xml:27:17-63
16        android:required="false" />
16-->src\main\AndroidManifest.xml:27:64-88
17
18    <uses-permission android:name="android.permission.INTERNET" />
18-->src\main\AndroidManifest.xml:28:3-65
18-->src\main\AndroidManifest.xml:28:20-62
19    <uses-permission android:name="android.permission.ACCESS_NETWORK_STATE" />
19-->src\main\AndroidManifest.xml:29:3-77
19-->src\main\AndroidManifest.xml:29:20-74
20
21    <uses-feature
21-->src\main\AndroidManifest.xml:30:3-88
22        android:name="android.hardware.touchscreen"
22-->src\main\AndroidManifest.xml:30:17-60
23        android:required="false" />
23-->src\main\AndroidManifest.xml:30:61-85
24    <uses-feature
24-->src\main\AndroidManifest.xml:31:3-99
25        android:name="android.hardware.touchscreen.multitouch"
25-->src\main\AndroidManifest.xml:31:17-71
26        android:required="false" />
26-->src\main\AndroidManifest.xml:31:72-96
27    <uses-feature
27-->src\main\AndroidManifest.xml:32:3-108
28        android:name="android.hardware.touchscreen.multitouch.distinct"
28-->src\main\AndroidManifest.xml:32:17-80
29        android:required="false" />
29-->src\main\AndroidManifest.xml:32:81-105
30    <uses-feature
30-->src\main\AndroidManifest.xml:33:3-111
31        android:name="android.hardware.vr.headtracking"
31-->src\main\AndroidManifest.xml:33:17-64
32        android:required="true"
32-->src\main\AndroidManifest.xml:33:65-88
33        android:version="1" />
33-->src\main\AndroidManifest.xml:33:89-108
34
35    <application
35-->src\main\AndroidManifest.xml:3:3-25:17
36        android:extractNativeLibs="true"
36-->src\main\AndroidManifest.xml:3:16-48
37        android:isGame="true" >
37-->src\main\AndroidManifest.xml:3:49-70
38        <activity
38-->src\main\AndroidManifest.xml:4:5-14:16
39            android:name="com.unity3d.player.UnityPlayerActivity"
39-->src\main\AndroidManifest.xml:4:15-68
40            android:configChanges="keyboard|keyboardHidden|navigation|orientation|screenLayout|screenSize|uiMode|density"
40-->src\main\AndroidManifest.xml:4:204-313
41            android:hardwareAccelerated="false"
41-->src\main\AndroidManifest.xml:4:349-384
42            android:launchMode="singleTask"
42-->src\main\AndroidManifest.xml:4:172-203
43            android:resizeableActivity="false"
43-->src\main\AndroidManifest.xml:4:314-348
44            android:screenOrientation="landscape"
44-->src\main\AndroidManifest.xml:4:134-171
45            android:theme="@android:style/Theme.Black.NoTitleBar.Fullscreen" >
45-->src\main\AndroidManifest.xml:4:69-133
46            <intent-filter>
46-->src\main\AndroidManifest.xml:5:7-10:23
47                <action android:name="android.intent.action.MAIN" />
47-->src\main\AndroidManifest.xml:6:9-61
47-->src\main\AndroidManifest.xml:6:17-58
48
49                <category android:name="android.intent.category.LAUNCHER" />
49-->src\main\AndroidManifest.xml:7:9-69
49-->src\main\AndroidManifest.xml:7:19-66
50                <category android:name="android.intent.category.LEANBACK_LAUNCHER" />
50-->src\main\AndroidManifest.xml:8:9-78
50-->src\main\AndroidManifest.xml:8:19-75
51                <category android:name="com.oculus.intent.category.VR" />
51-->src\main\AndroidManifest.xml:9:9-66
51-->src\main\AndroidManifest.xml:9:19-63
52            </intent-filter>
53
54            <meta-data
54-->src\main\AndroidManifest.xml:11:7-82
55                android:name="unityplayer.UnityActivity"
55-->src\main\AndroidManifest.xml:11:18-58
56                android:value="true" />
56-->src\main\AndroidManifest.xml:11:59-79
57            <meta-data
57-->src\main\AndroidManifest.xml:12:7-78
58                android:name="android.notch_support"
58-->src\main\AndroidManifest.xml:12:18-54
59                android:value="true" />
59-->src\main\AndroidManifest.xml:12:55-75
60            <meta-data
60-->src\main\AndroidManifest.xml:13:7-81
61                android:name="com.oculus.vr.focusaware"
61-->src\main\AndroidManifest.xml:13:18-57
62                android:value="true" />
62-->src\main\AndroidManifest.xml:13:58-78
63        </activity>
64
65        <meta-data
65-->src\main\AndroidManifest.xml:15:5-69
66            android:name="unity.splash-mode"
66-->src\main\AndroidManifest.xml:15:16-48
67            android:value="0" />
67-->src\main\AndroidManifest.xml:15:49-66
68        <meta-data
68-->src\main\AndroidManifest.xml:16:5-74
69            android:name="unity.splash-enable"
69-->src\main\AndroidManifest.xml:16:16-50
70            android:value="True" />
70-->src\main\AndroidManifest.xml:16:51-71
71        <meta-data
71-->src\main\AndroidManifest.xml:17:5-78
72            android:name="unity.launch-fullscreen"
72-->src\main\AndroidManifest.xml:17:16-54
73            android:value="True" />
73-->src\main\AndroidManifest.xml:17:55-75
74        <meta-data
74-->src\main\AndroidManifest.xml:18:5-84
75            android:name="unity.allow-resizable-window"
75-->src\main\AndroidManifest.xml:18:16-59
76            android:value="False" />
76-->src\main\AndroidManifest.xml:18:60-81
77        <meta-data
77-->src\main\AndroidManifest.xml:19:5-81
78            android:name="notch.config"
78-->src\main\AndroidManifest.xml:19:16-43
79            android:value="portrait|landscape" />
79-->src\main\AndroidManifest.xml:19:44-78
80        <meta-data
80-->src\main\AndroidManifest.xml:20:5-97
81            android:name="com.samsung.android.vr.application.mode"
81-->src\main\AndroidManifest.xml:20:16-70
82            android:value="vr_only" />
82-->src\main\AndroidManifest.xml:20:71-94
83        <meta-data
83-->src\main\AndroidManifest.xml:21:5-91
84            android:name="com.unity.xr.oculus.LowOverheadMode"
84-->src\main\AndroidManifest.xml:21:16-66
85            android:value="false" />
85-->src\main\AndroidManifest.xml:21:67-88
86        <meta-data
86-->src\main\AndroidManifest.xml:22:5-88
87            android:name="com.unity.xr.oculus.LateLatching"
87-->src\main\AndroidManifest.xml:22:16-63
88            android:value="false" />
88-->src\main\AndroidManifest.xml:22:64-85
89        <meta-data
89-->src\main\AndroidManifest.xml:23:5-93
90            android:name="com.unity.xr.oculus.LateLatchingDebug"
90-->src\main\AndroidManifest.xml:23:16-68
91            android:value="false" />
91-->src\main\AndroidManifest.xml:23:69-90
92        <meta-data
92-->src\main\AndroidManifest.xml:24:5-90
93            android:name="com.oculus.supportedDevices"
93-->src\main\AndroidManifest.xml:24:16-58
94            android:value="quest|quest2" />
94-->src\main\AndroidManifest.xml:24:59-87
95    </application>
96
97</manifest>